Logfile initialized
[INFO] logfile = C:\Users\Knolan\Documents\TiWorkSpace\GRCC Collegiate\build.log
[DEBUG] C:\Users\Knolan\AppData\Roaming\Titanium\mobilesdk\win32\2.1.4.GA\android\builder.py simulator GRCC Collegiate C:\Users\Knolan\Documents\ASDK C:\Users\Knolan\Documents\TiWorkSpace\GRCC Collegiate edu.grcc.co275.collegiate 8 HVGA
[INFO] Building GRCC Collegiate for Android ... one moment
[INFO] Titanium SDK version: 2.1.4 (11/09/12 12:46 51f2c64)
[DEBUG] Waiting for device to be ready ...
[TRACE] adb devices returned 1 devices/emulators
[DEBUG] Device connected... (waited 0 seconds)
[DEBUG] waited 0.011000 seconds on emulator to get ready
[DEBUG] edu.grcc.co275.collegiate installed? False
[INFO] Fastdev server running, deploying in Fastdev mode
[INFO] Copying CommonJS modules...
[INFO] Copying project resources..
[INFO] Tiapp.xml unchanged, skipping class generation
[DEBUG] Processing Android resource drawables
[DEBUG] found drawable-long-land-hdpi splash screen at C:\Users\Knolan\Documents\TiWorkSpace\GRCC Collegiate\Resources\android\images\res-long-land-hdpi\default.png
[DEBUG] found drawable-long-land-ldpi splash screen at C:\Users\Knolan\Documents\TiWorkSpace\GRCC Collegiate\Resources\android\images\res-long-land-ldpi\default.png
[DEBUG] found drawable-long-port-hdpi splash screen at C:\Users\Knolan\Documents\TiWorkSpace\GRCC Collegiate\Resources\android\images\res-long-port-hdpi\default.png
[DEBUG] found drawable-long-port-ldpi splash screen at C:\Users\Knolan\Documents\TiWorkSpace\GRCC Collegiate\Resources\android\images\res-long-port-ldpi\default.png
[DEBUG] found drawable-notlong-land-hdpi splash screen at C:\Users\Knolan\Documents\TiWorkSpace\GRCC Collegiate\Resources\android\images\res-notlong-land-hdpi\default.png
[DEBUG] found drawable-notlong-land-ldpi splash screen at C:\Users\Knolan\Documents\TiWorkSpace\GRCC Collegiate\Resources\android\images\res-notlong-land-ldpi\default.png
[DEBUG] found drawable-notlong-land-mdpi splash screen at C:\Users\Knolan\Documents\TiWorkSpace\GRCC Collegiate\Resources\android\images\res-notlong-land-mdpi\default.png
[DEBUG] found drawable-notlong-port-hdpi splash screen at C:\Users\Knolan\Documents\TiWorkSpace\GRCC Collegiate\Resources\android\images\res-notlong-port-hdpi\default.png
[DEBUG] found drawable-notlong-port-ldpi splash screen at C:\Users\Knolan\Documents\TiWorkSpace\GRCC Collegiate\Resources\android\images\res-notlong-port-ldpi\default.png
[DEBUG] found drawable-notlong-port-mdpi splash screen at C:\Users\Knolan\Documents\TiWorkSpace\GRCC Collegiate\Resources\android\images\res-notlong-port-mdpi\default.png
[INFO] Waiting for SDCard to become available..
[DEBUG] creating unsigned apk: C:\Users\Knolan\Documents\TiWorkSpace\GRCC Collegiate\build\android\bin\app-unsigned.apk
[DEBUG] from resource zip => assets/Resources/images/KS_nav_mashup.png
[DEBUG] from resource zip => assets/Resources/images/KS_nav_phone.png
[DEBUG] from resource zip => assets/Resources/images/KS_nav_platform.png
[DEBUG] from resource zip => assets/Resources/images/KS_nav_ui.png
[DEBUG] from resource zip => assets/Resources/images/KS_nav_views.png
[DEBUG] from resource zip => assets/Resources/local/css/style.css
[DEBUG] from resource zip => assets/Resources/local/images/appicon.png
[DEBUG] from resource zip => assets/Resources/local/images/logo.gif
[DEBUG] from resource zip => assets/Resources/local/images/menu-shade.png
[DEBUG] from resource zip => assets/Resources/local/about.html
[DEBUG] from resource zip => assets/Resources/local/blog.html
[DEBUG] from resource zip => assets/Resources/local/editors.html
[DEBUG] from resource zip => assets/Resources/local/index.html
[DEBUG] from resource zip => assets/Resources/local/licence.txt
[DEBUG] from resource zip => assets/Resources/local/search.html
[DEBUG] from resource zip => assets/Resources/About.js
[DEBUG] from resource zip => assets/Resources/Home.js
[DEBUG] from resource zip => assets/Resources/News.js
[DEBUG] from resource zip => assets/Resources/Read.js
[DEBUG] from resource zip => assets/Resources/app.js
[DEBUG] from resource zip => assets/Resources/appicon.png
[DEBUG] from resource zip => assets/Resources/default.png
[DEBUG] from resource zip => assets/app.json
[DEBUG] from resource zip => assets/index.json
[DEBUG] from resource zip => assets/tiapp.xml
[DEBUG] from resource zip => res/drawable/appicon.png
[DEBUG] from resource zip => res/drawable/background.png
[DEBUG] from resource zip => res/drawable/close.png
[DEBUG] from resource zip => res/drawable/facebook_login.png
[DEBUG] from resource zip => res/drawable/facebook_login_down.png
[DEBUG] from resource zip => res/drawable/facebook_login_wide.png
[DEBUG] from resource zip => res/drawable/facebook_login_wide_down.png
[DEBUG] from resource zip => res/drawable/facebook_logout.png
[DEBUG] from resource zip => res/drawable/facebook_logout_down.png
[DEBUG] from resource zip => res/layout/titanium_tabgroup.xml
[DEBUG] from resource zip => AndroidManifest.xml
[DEBUG] from resource zip => resources.arsc
[DEBUG] from resource zip => res/drawable-hdpi/close.png
[DEBUG] from resource zip => res/drawable-ldpi/close.png
[DEBUG] from resource zip => res/drawable-long-land-hdpi/background.png
[DEBUG] from resource zip => res/drawable-long-land-hdpi/default_d44e27d97b.png
[DEBUG] from resource zip => res/drawable-long-land-ldpi/background.png
[DEBUG] from resource zip => res/drawable-long-land-ldpi/default_d44e27d97b.png
[DEBUG] from resource zip => res/drawable-long-port-hdpi/background.png
[DEBUG] from resource zip => res/drawable-long-port-hdpi/default_d44e27d97b.png
[DEBUG] from resource zip => res/drawable-long-port-ldpi/background.png
[DEBUG] from resource zip => res/drawable-long-port-ldpi/default_d44e27d97b.png
[DEBUG] from resource zip => res/drawable-notlong-land-hdpi/background.png
[DEBUG] from resource zip => res/drawable-notlong-land-hdpi/default_d44e27d97b.png
[DEBUG] from resource zip => res/drawable-notlong-land-ldpi/background.png
[DEBUG] from resource zip => res/drawable-notlong-land-ldpi/default_d44e27d97b.png
[DEBUG] from resource zip => res/drawable-notlong-land-mdpi/background.png
[DEBUG] from resource zip => res/drawable-notlong-land-mdpi/default_d44e27d97b.png
[DEBUG] from resource zip => res/drawable-notlong-port-hdpi/background.png
[DEBUG] from resource zip => res/drawable-notlong-port-hdpi/default_d44e27d97b.png
[DEBUG] from resource zip => res/drawable-notlong-port-ldpi/background.png
[DEBUG] from resource zip => res/drawable-notlong-port-ldpi/default_d44e27d97b.png
[DEBUG] from resource zip => res/drawable-notlong-port-mdpi/background.png
[DEBUG] from resource zip => res/drawable-notlong-port-mdpi/default_d44e27d97b.png
[DEBUG] from JAR C:\Users\Knolan\AppData\Roaming\Titanium\mobilesdk\win32\2.1.4.GA\android\modules\titanium-ui.jar => ti/modules/titanium/ui/widget/webview/binding.js
[DEBUG] from JAR C:\Users\Knolan\AppData\Roaming\Titanium\mobilesdk\win32\2.1.4.GA\android\modules\titanium-ui.jar => ti/modules/titanium/ui/widget/webview/binding.min.js
[DEBUG] from JAR C:\Users\Knolan\AppData\Roaming\Titanium\mobilesdk\win32\2.1.4.GA\android\modules\titanium-ui.jar => ti/modules/titanium/ui/widget/webview/json2.js
[DEBUG] from JAR C:\Users\Knolan\AppData\Roaming\Titanium\mobilesdk\win32\2.1.4.GA\android\modules\titanium-ui.jar => ti/modules/titanium/ui/widget/webview/polling.js
[DEBUG] from JAR C:\Users\Knolan\AppData\Roaming\Titanium\mobilesdk\win32\2.1.4.GA\android\modules\titanium-ui.jar => ti/modules/titanium/ui/widget/webview/polling.min.js
[DEBUG] from JAR C:\Users\Knolan\AppData\Roaming\Titanium\mobilesdk\win32\2.1.4.GA\android\titanium.jar => org/appcelerator/titanium/build.properties
[DEBUG] from JAR C:\Users\Knolan\AppData\Roaming\Titanium\mobilesdk\win32\2.1.4.GA\android\titanium.jar => org/appcelerator/titanium/res/drawable/background.png
[DEBUG] from JAR C:\Users\Knolan\AppData\Roaming\Titanium\mobilesdk\win32\2.1.4.GA\android\titanium.jar => org/appcelerator/titanium/res/drawable/btn_check_buttonless_on.png
[DEBUG] from JAR C:\Users\Knolan\AppData\Roaming\Titanium\mobilesdk\win32\2.1.4.GA\android\titanium.jar => org/appcelerator/titanium/res/drawable/btn_check_buttonless_on_18.png
[DEBUG] from JAR C:\Users\Knolan\AppData\Roaming\Titanium\mobilesdk\win32\2.1.4.GA\android\titanium.jar => org/appcelerator/titanium/res/drawable/btn_check_buttonless_on_48.png
[DEBUG] from JAR C:\Users\Knolan\AppData\Roaming\Titanium\mobilesdk\win32\2.1.4.GA\android\titanium.jar => org/appcelerator/titanium/res/drawable/btn_more.png
[DEBUG] from JAR C:\Users\Knolan\AppData\Roaming\Titanium\mobilesdk\win32\2.1.4.GA\android\titanium.jar => org/appcelerator/titanium/res/drawable/btn_more_18.png
[DEBUG] from JAR C:\Users\Knolan\AppData\Roaming\Titanium\mobilesdk\win32\2.1.4.GA\android\titanium.jar => org/appcelerator/titanium/res/drawable/btn_more_48.png
[DEBUG] from JAR C:\Users\Knolan\AppData\Roaming\Titanium\mobilesdk\win32\2.1.4.GA\android\titanium.jar => org/appcelerator/titanium/res/drawable/btn_picker_normal.9.png
[DEBUG] from JAR C:\Users\Knolan\AppData\Roaming\Titanium\mobilesdk\win32\2.1.4.GA\android\titanium.jar => org/appcelerator/titanium/res/drawable/btn_picker_pressed.9.png
[DEBUG] from JAR C:\Users\Knolan\AppData\Roaming\Titanium\mobilesdk\win32\2.1.4.GA\android\titanium.jar => org/appcelerator/titanium/res/drawable/btn_picker_selected.9.png
[DEBUG] from JAR C:\Users\Knolan\AppData\Roaming\Titanium\mobilesdk\win32\2.1.4.GA\android\titanium.jar => org/appcelerator/titanium/res/drawable/default_icon.png
[DEBUG] from JAR C:\Users\Knolan\AppData\Roaming\Titanium\mobilesdk\win32\2.1.4.GA\android\titanium.jar => org/appcelerator/titanium/res/drawable/photoDefault.png
[DEBUG] from JAR C:\Users\Knolan\AppData\Roaming\Titanium\mobilesdk\win32\2.1.4.GA\android\thirdparty.jar => org/apache/Commons-NOTICE.txt
[DEBUG] from JAR C:\Users\Knolan\AppData\Roaming\Titanium\mobilesdk\win32\2.1.4.GA\android\thirdparty.jar => org/apache/HttpComponents-NOTICE.txt
[DEBUG] from JAR C:\Users\Knolan\AppData\Roaming\Titanium\mobilesdk\win32\2.1.4.GA\android\thirdparty.jar => org/apache/mime4j-NOTICE.txt
[DEBUG] from JAR C:\Users\Knolan\AppData\Roaming\Titanium\mobilesdk\win32\2.1.4.GA\android\modules\titanium-facebook.jar => ti/modules/titanium/facebook/LICENSE
[DEBUG] installing native SDK libs
[DEBUG] Waiting for device to be ready ...
[TRACE] adb devices returned 1 devices/emulators
[DEBUG] Device connected... (waited 0 seconds)
[DEBUG] waited 0.014000 seconds on emulator to get ready
[INFO] Installing application on emulator
[INFO] Launching application ... GRCC Collegiate
[TRACE] Launch output: Starting: Intent { act=android.intent.action.MAIN cat=[android.intent.category.LAUNCHER] flg=0x10200000 cmp=edu.grcc.co275.collegiate/.GrccCollegiateActivity }

[INFO] Deployed GRCC Collegiate ... Application should be running.
